<?xml version="1.0" encoding="UTF-8"?>
<!-- Generated by org.testng.reporters.JUnitReportReporter -->
<testsuite hostname="THIS-PC" failures="0" tests="2" name="in.nims.testscript.CustomerModule" time="68.300" errors="0" timestamp="2023-02-05T01:37:38 IST" skipped="0">
  <testcase classname="in.nims.testscript.CustomerModule" name="testCreateCustomer" time="33.841"/>
  <system-out>
    <![CDATA[testCreateCustomer]]>
  </system-out>
  <testcase classname="in.nims.testscript.CustomerModule" name="testDeleteCustomer" time="34.459"/>
  <system-out>
    <![CDATA[testDeleteCustomer]]>
  </system-out>
</testsuite> <!-- in.nims.testscript.CustomerModule -->
