<?xml version="1.0" encoding="UTF-8"?>
<!-- Generated by org.testng.reporters.JUnitReportReporter -->
<testsuite hostname="THIS-PC" failures="0" tests="2" name="in.nims.testscript.CustomerModule" time="66.593" errors="0" timestamp="2023-02-25T01:12:53 IST" skipped="0">
  <testcase classname="in.nims.testscript.CustomerModule" name="testCreateCustomer" time="36.043"/>
  <system-out>
    <![CDATA[testCreateCustomer]]>
  </system-out>
  <testcase classname="in.nims.testscript.CustomerModule" name="testDeleteCustomer" time="30.550"/>
  <system-out>
    <![CDATA[testDeleteCustomer]]>
  </system-out>
</testsuite> <!-- in.nims.testscript.CustomerModule -->
