<?xml version="1.0" encoding="UTF-8"?>
<!-- Generated by org.testng.reporters.JUnitReportReporter -->
<testsuite hostname="THIS-PC" failures="0" tests="1" name="in.nims.testscript.CustomerModule" time="17.634" errors="0" timestamp="2023-01-21T12:57:10 IST" skipped="0">
  <testcase classname="in.nims.testscript.CustomerModule" name="testCreateCustomer" time="17.634"/>
  <system-out>
    <![CDATA[testCreateCustomer]]>
  </system-out>
</testsuite> <!-- in.nims.testscript.CustomerModule -->
